<?xml version="1.0" encoding="UTF-8"?>
<!-- Generated by org.testng.reporters.JUnitReportReporter -->
<testsuite skipped="0" hostname="LAPTOP-247KMBES" name="AssignmentDifferent.AssignmentDifferent.ToDoPageTest" tests="11" failures="0" timestamp="2021-05-11T00:55:23 IST" time="12.078" errors="0">
  <testcase name="TC02_AddItem" time="1.093" classname="AssignmentDifferent.AssignmentDifferent.ToDoPageTest"/>
  <system-out/>
  <testcase name="TC02_AddItem" time="1.119" classname="AssignmentDifferent.AssignmentDifferent.ToDoPageTest"/>
  <system-out/>
  <testcase name="TC02_AddItem" time="1.091" classname="AssignmentDifferent.AssignmentDifferent.ToDoPageTest"/>
  <system-out/>
  <testcase name="TC02_AddItem" time="1.119" classname="AssignmentDifferent.AssignmentDifferent.ToDoPageTest"/>
  <system-out/>
  <testcase name="TC02_AddItem" time="1.081" classname="AssignmentDifferent.AssignmentDifferent.ToDoPageTest"/>
  <system-out/>
  <testcase name="TC04_CompleteItem" time="1.067" classname="AssignmentDifferent.AssignmentDifferent.ToDoPageTest"/>
  <system-out/>
  <testcase name="TC06_FilterCompletedItem" time="1.066" classname="AssignmentDifferent.AssignmentDifferent.ToDoPageTest"/>
  <system-out/>
  <testcase name="TC07_FilterActiveItem" time="1.056" classname="AssignmentDifferent.AssignmentDifferent.ToDoPageTest"/>
  <system-out/>
  <testcase name="TC08_FilterAllItem" time="1.057" classname="AssignmentDifferent.AssignmentDifferent.ToDoPageTest"/>
  <system-out/>
  <testcase name="TC03_DeleteItem" time="1.268" classname="AssignmentDifferent.AssignmentDifferent.ToDoPageTest"/>
  <system-out/>
  <testcase name="TC05_UndoCompletedItem" time="1.061" classname="AssignmentDifferent.AssignmentDifferent.ToDoPageTest"/>
  <system-out/>
</testsuite> <!-- AssignmentDifferent.AssignmentDifferent.ToDoPageTest -->
